19:23:10 **** Build of project device-tree_bsp_2 ****
make -k all 
libgen -hw ../system_hw_platform/system.xml\
	       -lp U:/mp/final/MP-3/repository -lp U:/mp/final/MP-3/repository/ProcessorIPLib\
	       -pe ps7_cortexa9_0 \
	       -log libgen.log \
	       system.mss
libgen
Xilinx EDK 14.7 Build EDK_P.20131013
Copyright (c) 1995-2012 Xilinx, Inc.  All rights reserved.

Command Line: libgen -hw ../system_hw_platform/system.xml -lp
U:/mp/final/MP-3/repository -lp U:/mp/final/MP-3/repository/ProcessorIPLib -pe
ps7_cortexa9_0 -log libgen.log system.mss 


Staging source files.
Running DRCs.
#--------------------------------------

# device-tree BSP DRC...

#--------------------------------------

Running generate.
#--------------------------------------

# device-tree BSP generate...

#--------------------------------------

--- device tree generator version: v1.1 ---

generating xilinx.dts

Clock Port Summary:

axi4lite_0.interconnect_aclk connected to processing_system7_0_FCLK_CLK0:

    CLK_FREQ_HZ = 100000000

axi4lite_0.S_AXI_ACLK connected to axi4lite_0_S_ACLK:

    CLK_FREQ_HZ = WARNING: no frequency found!

axi4lite_0.M_AXI_ACLK connected to axi4lite_0_M_ACLK:

    CLK_FREQ_HZ = WARNING: no frequency found!

sws_8bits.S_AXI_ACLK connected to processing_system7_0_FCLK_CLK0:

    CLK_FREQ_HZ = 100000000

leds_8bits.S_AXI_ACLK connected to processing_system7_0_FCLK_CLK0:

    CLK_FREQ_HZ = 100000000

btns_5bits.S_AXI_ACLK connected to processing_system7_0_FCLK_CLK0:

    CLK_FREQ_HZ = 100000000

lockout_0.S_AXI_ACLK connected to processing_system7_0_FCLK_CLK0:

    CLK_FREQ_HZ = 100000000

ps7_axi_interconnect_0.M_AXI_GP0_ACLK connected to
processing_system7_0_FCLK_CLK0:

    CLK_FREQ_HZ = WARNING: no frequency found!

ps7_axi_interconnect_0.M_AXI_GP1_ACLK connected to
ps7_axi_interconnect_0_M_AXI_GP1_ACLK:

    CLK_FREQ_HZ = WARNING: no frequency found!

ps7_axi_interconnect_0.S_AXI_HP1_ACLK connected to
ps7_axi_interconnect_0_S_AXI_HP1_ACLK:

    CLK_FREQ_HZ = WARNING: no frequency found!

ps7_axi_interconnect_0.S_AXI_ACP_ACLK connected to
ps7_axi_interconnect_0_S_AXI_ACP_ACLK:

    CLK_FREQ_HZ = WARNING: no frequency found!

ps7_axi_interconnect_0.S_AXI_GP1_ACLK connected to
ps7_axi_interconnect_0_S_AXI_GP1_ACLK:

    CLK_FREQ_HZ = WARNING: no frequency found!

ps7_axi_interconnect_0.S_AXI_GP0_ACLK connected to
ps7_axi_interconnect_0_S_AXI_GP0_ACLK:

    CLK_FREQ_HZ = WARNING: no frequency found!

ps7_axi_interconnect_0.S_AXI_HP3_ACLK connected to
ps7_axi_interconnect_0_S_AXI_HP3_ACLK:

    CLK_FREQ_HZ = WARNING: no frequency found!

ps7_axi_interconnect_0.S_AXI_HP2_ACLK connected to
ps7_axi_interconnect_0_S_AXI_HP2_ACLK:

    CLK_FREQ_HZ = WARNING: no frequency found!

ps7_axi_interconnect_0.S_AXI_HP0_ACLK connected to
ps7_axi_interconnect_0_S_AXI_HP0_ACLK:

    CLK_FREQ_HZ = WARNING: no frequency found!

ps7_axi_interconnect_0.S_AXI_ACLK connected to ps7_axi_interconnect_0_S_ACLK:

    CLK_FREQ_HZ = WARNING: no frequency found!

ps7_axi_interconnect_0.M_AXI_ACLK connected to ps7_axi_interconnect_0_M_ACLK:

    CLK_FREQ_HZ = WARNING: no frequency found!

IP connected to bus: ps7_axi_interconnect_0

-master M_AXI_DP ps7_axi_interconnect_0 ps7_cortexa9_0

-master M_AXI_DP ps7_axi_interconnect_0 ps7_cortexa9_1

-slave S_AXI ps7_axi_interconnect_0 ps7_uart_0

-slave S_AXI ps7_axi_interconnect_0 ps7_uart_1

-slave S_AXI ps7_axi_interconnect_0 ps7_afi_0

-slave S_AXI ps7_axi_interconnect_0 ps7_afi_1

-slave S_AXI ps7_axi_interconnect_0 ps7_afi_2

-slave S_AXI ps7_axi_interconnect_0 ps7_afi_3

-slave S_AXI ps7_axi_interconnect_0 ps7_sd_0

-slave S_AXI ps7_axi_interconnect_0 ps7_ttc_0

-slave S_AXI ps7_axi_interconnect_0 ps7_ethernet_0

-slave S_AXI ps7_axi_interconnect_0 ps7_usb_0

-slave S_AXI ps7_axi_interconnect_0 ps7_qspi_0

-slave S_AXI ps7_axi_interconnect_0 ps7_qspi_linear_0

-slave S_AXI ps7_axi_interconnect_0 ps7_ddr_0

-slave S_AXI ps7_axi_interconnect_0 ps7_gpio_0

-slave S_AXI ps7_axi_interconnect_0 ps7_ddrc_0

-slave S_AXI ps7_axi_interconnect_0 ps7_dev_cfg_0

-slave S_AXI ps7_axi_interconnect_0 ps7_xadc_0

-slave S_AXI ps7_axi_interconnect_0 ps7_coresight_comp_0

-slave S_AXI ps7_axi_interconnect_0 ps7_ocmc_0

-slave S_AXI ps7_axi_interconnect_0 ps7_gpv_0

-slave S_AXI ps7_axi_interconnect_0 ps7_scuc_0

-slave S_AXI ps7_axi_interconnect_0 ps7_intc_dist_0

-slave S_AXI ps7_axi_interconnect_0 ps7_globaltimer_0

-slave S_AXI ps7_axi_interconnect_0 ps7_l2cachec_0

-slave S_AXI_LITE ps7_axi_interconnect_0 ps7_dma_s

-slave S_AXI ps7_axi_interconnect_0 ps7_iop_bus_config_0

-slave S_AXI ps7_axi_interconnect_0 ps7_ram_0

-slave S_AXI ps7_axi_interconnect_0 ps7_ram_1

-slave S_AXI ps7_axi_interconnect_0 ps7_scugic_0

-slave S_AXI ps7_axi_interconnect_0 ps7_scutimer_0

-slave S_AXI ps7_axi_interconnect_0 ps7_scuwdt_0

-slave S_AXI ps7_axi_interconnect_0 ps7_slcr_0

-slave S_AXI_LITE ps7_axi_interconnect_0 ps7_dma_ns

-slave btns_5bits

-slave leds_8bits

-slave lockout_0

-slave ps7_afi_0

IP 125274816 ps7_afi_0 is already appended - skip it

-slave ps7_afi_1

IP 125274944 ps7_afi_1 is already appended - skip it

-slave ps7_afi_2

IP 125275072 ps7_afi_2 is already appended - skip it

-slave ps7_afi_3

IP 125275200 ps7_afi_3 is already appended - skip it

-slave ps7_coresight_comp_0

IP 125276864 ps7_coresight_comp_0 is already appended - skip it

-slave ps7_ddr_0

IP 125276096 ps7_ddr_0 is already appended - skip it

-slave ps7_ddrc_0

IP 125276480 ps7_ddrc_0 is already appended - skip it

-slave ps7_dev_cfg_0

IP 125276608 ps7_dev_cfg_0 is already appended - skip it

-slave ps7_dma_ns

-slave ps7_dma_s

IP 125277760 ps7_dma_s is already appended - skip it

-slave ps7_ethernet_0

IP 125275584 ps7_ethernet_0 is already appended - skip it

-slave ps7_globaltimer_0

IP 125277504 ps7_globaltimer_0 is already appended - skip it

-slave ps7_gpio_0

IP 125276224 ps7_gpio_0 is already appended - skip it

-slave ps7_gpv_0

IP 125277120 ps7_gpv_0 is already appended - skip it

-slave ps7_intc_dist_0

IP 125277376 ps7_intc_dist_0 is already appended - skip it

-slave ps7_iop_bus_config_0

IP 125277888 ps7_iop_bus_config_0 is already appended - skip it

-slave ps7_l2cachec_0

IP 125277632 ps7_l2cachec_0 is already appended - skip it

-slave ps7_ocmc_0

IP 125276992 ps7_ocmc_0 is already appended - skip it

-slave ps7_qspi_0

IP 125275840 ps7_qspi_0 is already appended - skip it

-slave ps7_qspi_linear_0

IP 125275968 ps7_qspi_linear_0 is already appended - skip it

-slave ps7_ram_0

IP 125278016 ps7_ram_0 is already appended - skip it

-slave ps7_ram_1

IP 125278144 ps7_ram_1 is already appended - skip it

-slave ps7_scuc_0

IP 125277248 ps7_scuc_0 is already appended - skip it

-slave ps7_scugic_0

IP 125278272 ps7_scugic_0 is already appended - skip it

-slave ps7_scutimer_0

IP 125278400 ps7_scutimer_0 is already appended - skip it

-slave ps7_scuwdt_0

IP 125278528 ps7_scuwdt_0 is already appended - skip it

-slave ps7_sd_0

IP 125275328 ps7_sd_0 is already appended - skip it

-slave ps7_slcr_0

IP 125278656 ps7_slcr_0 is already appended - skip it

-slave ps7_ttc_0

IP 125275456 ps7_ttc_0 is already appended - skip it

-slave ps7_uart_0

IP 125274560 ps7_uart_0 is already appended - skip it

-slave ps7_uart_1

IP 125274688 ps7_uart_1 is already appended - skip it

-slave ps7_usb_0

IP 125275712 ps7_usb_0 is already appended - skip it

-slave ps7_xadc_0

IP 125276736 ps7_xadc_0 is already appended - skip it

-slave sws_8bits

ps7_afi_0

ps7_afi_1

ps7_afi_2

ps7_afi_3

ps7_coresight_comp_0

ps7_ocmc_0

ps7_gpv_0

ps7_scuc_0

ps7_intc_dist_0

ps7_globaltimer_0

ps7_l2cachec_0

lockout_0

{serial1 aliasref ps7_uart_0 1} {serial0 aliasref ps7_uart_1 0} {ethernet0
aliasref ps7_ethernet_0 0}

Running post_generate.
Running execs_generate.
'Finished building libraries'

19:23:14 Build Finished (took 3s.825ms)

